UF2-A2_ContactoGPS1/app/build/intermediates/manifest_merge_blame_file/debug/manifest-merger-blame-debug-report.txt
1<?xml version="1.0" encoding="utf-8"?>
2<manifest xmlns:android="http://schemas.android.com/apk/res/android"
3    package="com.example.contactogps"
4    android:versionCode="1"
5    android:versionName="1.0" >
6
7    <uses-sdk
7-->src/main/AndroidManifest.xml:6:5-8:41
8        android:minSdkVersion="7"
8-->src/main/AndroidManifest.xml:7:9-34
9        android:targetSdkVersion="15" />
9-->src/main/AndroidManifest.xml:8:9-38
10
11    <uses-permission android:name="android.permission.ACCESS_COARSE_LOCATION" />
11-->src/main/AndroidManifest.xml:9:5-81
11-->src/main/AndroidManifest.xml:9:22-78
12    <uses-permission android:name="android.permission.ACCESS_COARSE_LOCATION" />
12-->src/main/AndroidManifest.xml:9:5-81
12-->src/main/AndroidManifest.xml:9:22-78
13
14    <application
14-->src/main/AndroidManifest.xml:14:5-27:19
15        android:debuggable="true"
16        android:icon="@drawable/ic_launcher"
16-->src/main/AndroidManifest.xml:15:9-45
17        android:label="@string/app_name"
17-->src/main/AndroidManifest.xml:16:9-41
18        android:testOnly="true"
19        android:theme="@style/AppTheme" >
19-->src/main/AndroidManifest.xml:17:9-40
20        <activity
20-->src/main/AndroidManifest.xml:18:9-26:20
21            android:name="com.example.contactogps.MainActivity"
21-->src/main/AndroidManifest.xml:19:13-41
22            android:label="@string/title_activity_main" >
22-->src/main/AndroidManifest.xml:20:13-56
23            <intent-filter>
23-->src/main/AndroidManifest.xml:21:13-25:29
24                <action android:name="android.intent.action.MAIN" />
24-->src/main/AndroidManifest.xml:22:17-69
24-->src/main/AndroidManifest.xml:22:25-66
25
26                <category android:name="android.intent.category.LAUNCHER" />
26-->src/main/AndroidManifest.xml:24:17-77
26-->src/main/AndroidManifest.xml:24:27-74
27            </intent-filter>
28        </activity>
29    </application>
30
31</manifest>